build/app/intermediates/manifest_merge_blame_file/release/manifest-merger-blame-release-report.txt
1<?xml version="1.0" encoding="utf-8"?>
2<manifest xmlns:android="http://schemas.android.com/apk/res/android"
3    package="net.appdevs.stripcard"
4    android:versionCode="1"
5    android:versionName="3.6.0" >
6
7    <uses-sdk
8        android:minSdkVersion="25"
8-->src/main/AndroidManifest.xml
9        android:targetSdkVersion="34" />
9-->src/main/AndroidManifest.xml
10
11    <uses-permission android:name="android.permission.INTERNET" />
11-->src/main/AndroidManifest.xml:4:5-67
11-->src/main/AndroidManifest.xml:4:22-64
12    <uses-permission android:name="android.permission.ACCESS_WIFI_STATE" />
12-->src/main/AndroidManifest.xml:5:5-76
12-->src/main/AndroidManifest.xml:5:22-73
13    <uses-permission android:name="android.permission.CHANGE_WIFI_STATE" />
13-->src/main/AndroidManifest.xml:6:5-76
13-->src/main/AndroidManifest.xml:6:22-73
14    <uses-permission android:name="android.permission.ACCESS_NETWORK_STATE" />
14-->src/main/AndroidManifest.xml:7:5-79
14-->src/main/AndroidManifest.xml:7:22-76
15    <uses-permission android:name="android.permission.CAMERA" />
15-->src/main/AndroidManifest.xml:8:5-65
15-->src/main/AndroidManifest.xml:8:22-62
16    <uses-permission android:name="android.permission.READ_EXTERNAL_STORAGE" />
16-->src/main/AndroidManifest.xml:9:5-80
16-->src/main/AndroidManifest.xml:9:22-77
17    <uses-permission android:name="android.permission.WRITE_EXTERNAL_STORAGE" />
17-->src/main/AndroidManifest.xml:10:5-81
17-->src/main/AndroidManifest.xml:10:22-78
18
19    <queries>
19-->[:flutter_inappwebview_android] AndroidManifest.xml:7:5-11:15
20        <intent>
20-->[:flutter_inappwebview_android] AndroidManifest.xml:8:9-10:18
21            <action android:name="android.support.customtabs.action.CustomTabsService" />
21-->[:flutter_inappwebview_android] AndroidManifest.xml:9:13-90
21-->[:flutter_inappwebview_android] AndroidManifest.xml:9:21-87
22        </intent>
23    </queries>
24
25    <permission
25-->[androidx.core:core:1.13.1] AndroidManifest.xml:22:5-24:47
26        android:name="net.appdevs.stripcard.DYNAMIC_RECEIVER_NOT_EXPORTED_PERMISSION"
26-->[androidx.core:core:1.13.1] AndroidManifest.xml:23:9-81
27        android:protectionLevel="signature" />
27-->[androidx.core:core:1.13.1] AndroidManifest.xml:24:9-44
28
29    <uses-permission android:name="net.appdevs.stripcard.DYNAMIC_RECEIVER_NOT_EXPORTED_PERMISSION" /> <!-- Don't require camera, as this requires a rear camera. This allows it to work on the Nexus 7 -->
29-->[androidx.core:core:1.13.1] AndroidManifest.xml:26:5-97
29-->[androidx.core:core:1.13.1] AndroidManifest.xml:26:22-94
30    <uses-feature
30-->[com.journeyapps:zxing-android-embedded:4.3.0] AndroidManifest.xml:25:5-27:36
31        android:name="android.hardware.camera"
31-->[com.journeyapps:zxing-android-embedded:4.3.0] AndroidManifest.xml:26:9-47
32        android:required="false" />
32-->[com.journeyapps:zxing-android-embedded:4.3.0] AndroidManifest.xml:27:9-33
33    <uses-feature
33-->[com.journeyapps:zxing-android-embedded:4.3.0] AndroidManifest.xml:28:5-30:36
34        android:name="android.hardware.camera.front"
34-->[com.journeyapps:zxing-android-embedded:4.3.0] AndroidManifest.xml:29:9-53
35        android:required="false" /> <!-- TODO replace above two with next line after Android 4.2 -->
35-->[com.journeyapps:zxing-android-embedded:4.3.0] AndroidManifest.xml:30:9-33
36    <!-- <uses-feature android:name="android.hardware.camera.any"/> -->
37    <uses-feature
37-->[com.journeyapps:zxing-android-embedded:4.3.0] AndroidManifest.xml:33:5-35:36
38        android:name="android.hardware.camera.autofocus"
38-->[com.journeyapps:zxing-android-embedded:4.3.0] AndroidManifest.xml:34:9-57
39        android:required="false" />
39-->[com.journeyapps:zxing-android-embedded:4.3.0] AndroidManifest.xml:35:9-33
40    <uses-feature
40-->[com.journeyapps:zxing-android-embedded:4.3.0] AndroidManifest.xml:36:5-38:36
41        android:name="android.hardware.camera.flash"
41-->[com.journeyapps:zxing-android-embedded:4.3.0] AndroidManifest.xml:37:9-53
42        android:required="false" />
42-->[com.journeyapps:zxing-android-embedded:4.3.0] AndroidManifest.xml:38:9-33
43    <uses-feature
43-->[com.journeyapps:zxing-android-embedded:4.3.0] AndroidManifest.xml:39:5-41:36
44        android:name="android.hardware.screen.landscape"
44-->[com.journeyapps:zxing-android-embedded:4.3.0] AndroidManifest.xml:40:9-57
45        android:required="false" />
45-->[com.journeyapps:zxing-android-embedded:4.3.0] AndroidManifest.xml:41:9-33
46    <uses-feature
46-->[com.journeyapps:zxing-android-embedded:4.3.0] AndroidManifest.xml:42:5-44:36
47        android:name="android.hardware.wifi"
47-->[com.journeyapps:zxing-android-embedded:4.3.0] AndroidManifest.xml:43:9-45
48        android:required="false" />
48-->[com.journeyapps:zxing-android-embedded:4.3.0] AndroidManifest.xml:44:9-33
49
50    <application
51        android:name="android.app.Application"
51-->src/main/AndroidManifest.xml:13:9-42
52        android:appComponentFactory="androidx.core.app.CoreComponentFactory"
52-->[androidx.core:core:1.13.1] AndroidManifest.xml:28:18-86
53        android:extractNativeLibs="false"
54        android:icon="@mipmap/launcher_icon"
54-->src/main/AndroidManifest.xml:14:9-45
55        android:label="StripCard" >
55-->src/main/AndroidManifest.xml:15:9-34
56        <activity
56-->src/main/AndroidManifest.xml:16:9-35:20
57            android:name="net.appdevs.stripcard.MainActivity"
57-->src/main/AndroidManifest.xml:17:13-41
58            android:configChanges="orientation|keyboardHidden|keyboard|screenSize|smallestScreenSize|locale|layoutDirection|fontScale|screenLayout|density|uiMode"
58-->src/main/AndroidManifest.xml:18:13-163
59            android:exported="true"
59-->src/main/AndroidManifest.xml:19:13-36
60            android:hardwareAccelerated="true"
60-->src/main/AndroidManifest.xml:20:13-47
61            android:launchMode="singleTop"
61-->src/main/AndroidManifest.xml:21:13-43
62            android:theme="@style/LaunchTheme"
62-->src/main/AndroidManifest.xml:22:13-47
63            android:windowSoftInputMode="adjustResize" >
63-->src/main/AndroidManifest.xml:23:13-55
64
65            <!--
66                 Specifies an Android theme to apply to this Activity as soon as
67                 the Android process has started. This theme is visible to the user
68                 while the Flutter UI initializes. After that, this theme continues
69                 to determine the Window background behind the Flutter UI.
70            -->
71            <meta-data
71-->src/main/AndroidManifest.xml:28:13-30:57
72                android:name="io.flutter.embedding.android.NormalTheme"
72-->src/main/AndroidManifest.xml:29:17-72
73                android:resource="@style/NormalTheme" />
73-->src/main/AndroidManifest.xml:30:17-54
74
75            <intent-filter>
75-->src/main/AndroidManifest.xml:31:13-34:29
76                <action android:name="android.intent.action.MAIN" />
76-->src/main/AndroidManifest.xml:32:17-69
76-->src/main/AndroidManifest.xml:32:25-66
77
78                <category android:name="android.intent.category.LAUNCHER" />
78-->src/main/AndroidManifest.xml:33:17-77
78-->src/main/AndroidManifest.xml:33:27-74
79            </intent-filter>
80        </activity>
81        <!--
82             Don't delete the meta-data below.
83             This is used by the Flutter tool to generate GeneratedPluginRegistrant.java
84        -->
85        <meta-data
85-->src/main/AndroidManifest.xml:38:9-40:33
86            android:name="flutterEmbedding"
86-->src/main/AndroidManifest.xml:39:13-44
87            android:value="2" />
87-->src/main/AndroidManifest.xml:40:13-30
88
89        <activity
89-->[:flutter_inappwebview_android] AndroidManifest.xml:14:9-18:47
90            android:name="com.pichillilorenzo.flutter_inappwebview_android.in_app_browser.InAppBrowserActivity"
90-->[:flutter_inappwebview_android] AndroidManifest.xml:15:13-112
91            android:configChanges="orientation|keyboardHidden|keyboard|screenSize|locale|layoutDirection|fontScale|screenLayout|density"
91-->[:flutter_inappwebview_android] AndroidManifest.xml:16:13-137
92            android:exported="false"
92-->[:flutter_inappwebview_android] AndroidManifest.xml:17:13-37
93            android:theme="@style/AppTheme" />
93-->[:flutter_inappwebview_android] AndroidManifest.xml:18:13-44
94        <activity
94-->[:flutter_inappwebview_android] AndroidManifest.xml:19:9-22:55
95            android:name="com.pichillilorenzo.flutter_inappwebview_android.chrome_custom_tabs.ChromeCustomTabsActivity"
95-->[:flutter_inappwebview_android] AndroidManifest.xml:20:13-120
96            android:exported="false"
96-->[:flutter_inappwebview_android] AndroidManifest.xml:21:13-37
97            android:theme="@style/ThemeTransparent" />
97-->[:flutter_inappwebview_android] AndroidManifest.xml:22:13-52
98        <activity
98-->[:flutter_inappwebview_android] AndroidManifest.xml:23:9-26:55
99            android:name="com.pichillilorenzo.flutter_inappwebview_android.chrome_custom_tabs.TrustedWebActivity"
99-->[:flutter_inappwebview_android] AndroidManifest.xml:24:13-114
100            android:exported="false"
100-->[:flutter_inappwebview_android] AndroidManifest.xml:25:13-37
101            android:theme="@style/ThemeTransparent" />
101-->[:flutter_inappwebview_android] AndroidManifest.xml:26:13-52
102        <activity
102-->[:flutter_inappwebview_android] AndroidManifest.xml:27:9-31:55
103            android:name="com.pichillilorenzo.flutter_inappwebview_android.chrome_custom_tabs.ChromeCustomTabsActivitySingleInstance"
103-->[:flutter_inappwebview_android] AndroidManifest.xml:28:13-134
104            android:exported="false"
104-->[:flutter_inappwebview_android] AndroidManifest.xml:29:13-37
105            android:launchMode="singleInstance"
105-->[:flutter_inappwebview_android] AndroidManifest.xml:30:13-48
106            android:theme="@style/ThemeTransparent" />
106-->[:flutter_inappwebview_android] AndroidManifest.xml:31:13-52
107        <activity
107-->[:flutter_inappwebview_android] AndroidManifest.xml:32:9-36:55
108            android:name="com.pichillilorenzo.flutter_inappwebview_android.chrome_custom_tabs.TrustedWebActivitySingleInstance"
108-->[:flutter_inappwebview_android] AndroidManifest.xml:33:13-128
109            android:exported="false"
109-->[:flutter_inappwebview_android] AndroidManifest.xml:34:13-37
110            android:launchMode="singleInstance"
110-->[:flutter_inappwebview_android] AndroidManifest.xml:35:13-48
111            android:theme="@style/ThemeTransparent" />
111-->[:flutter_inappwebview_android] AndroidManifest.xml:36:13-52
112
113        <receiver
113-->[:flutter_inappwebview_android] AndroidManifest.xml:38:9-41:40
114            android:name="com.pichillilorenzo.flutter_inappwebview_android.chrome_custom_tabs.ActionBroadcastReceiver"
114-->[:flutter_inappwebview_android] AndroidManifest.xml:39:13-119
115            android:enabled="true"
115-->[:flutter_inappwebview_android] AndroidManifest.xml:40:13-35
116            android:exported="false" />
116-->[:flutter_inappwebview_android] AndroidManifest.xml:41:13-37
117
118        <meta-data
118-->[:flutter_inappwebview_android] AndroidManifest.xml:43:9-45:36
119            android:name="io.flutter.embedded_views_preview"
119-->[:flutter_inappwebview_android] AndroidManifest.xml:44:13-61
120            android:value="true" />
120-->[:flutter_inappwebview_android] AndroidManifest.xml:45:13-33
121
122        <provider
122-->[:image_picker_android] AndroidManifest.xml:8:9-16:20
123            android:name="io.flutter.plugins.imagepicker.ImagePickerFileProvider"
123-->[:image_picker_android] AndroidManifest.xml:9:13-82
124            android:authorities="net.appdevs.stripcard.flutter.image_provider"
124-->[:image_picker_android] AndroidManifest.xml:10:13-74
125            android:exported="false"
125-->[:image_picker_android] AndroidManifest.xml:11:13-37
126            android:grantUriPermissions="true" >
126-->[:image_picker_android] AndroidManifest.xml:12:13-47
127            <meta-data
127-->[:image_picker_android] AndroidManifest.xml:13:13-15:75
128                android:name="android.support.FILE_PROVIDER_PATHS"
128-->[:image_picker_android] AndroidManifest.xml:14:17-67
129                android:resource="@xml/flutter_image_picker_file_paths" />
129-->[:image_picker_android] AndroidManifest.xml:15:17-72
130        </provider>
131
132        <uses-library
132-->[androidx.window:window:1.2.0] AndroidManifest.xml:23:9-25:40
133            android:name="androidx.window.extensions"
133-->[androidx.window:window:1.2.0] AndroidManifest.xml:24:13-54
134            android:required="false" />
134-->[androidx.window:window:1.2.0] AndroidManifest.xml:25:13-37
135        <uses-library
135-->[androidx.window:window:1.2.0] AndroidManifest.xml:26:9-28:40
136            android:name="androidx.window.sidecar"
136-->[androidx.window:window:1.2.0] AndroidManifest.xml:27:13-51
137            android:required="false" />
137-->[androidx.window:window:1.2.0] AndroidManifest.xml:28:13-37
138
139        <provider
139-->[androidx.emoji2:emoji2:1.2.0] AndroidManifest.xml:24:9-32:20
140            android:name="androidx.startup.InitializationProvider"
140-->[androidx.emoji2:emoji2:1.2.0] AndroidManifest.xml:25:13-67
141            android:authorities="net.appdevs.stripcard.androidx-startup"
141-->[androidx.emoji2:emoji2:1.2.0] AndroidManifest.xml:26:13-68
142            android:exported="false" >
142-->[androidx.emoji2:emoji2:1.2.0] AndroidManifest.xml:27:13-37
143            <meta-data
143-->[androidx.emoji2:emoji2:1.2.0] AndroidManifest.xml:29:13-31:52
144                android:name="androidx.emoji2.text.EmojiCompatInitializer"
144-->[androidx.emoji2:emoji2:1.2.0] AndroidManifest.xml:30:17-75
145                android:value="androidx.startup" />
145-->[androidx.emoji2:emoji2:1.2.0] AndroidManifest.xml:31:17-49
146            <meta-data
146-->[androidx.lifecycle:lifecycle-process:2.7.0] AndroidManifest.xml:29:13-31:52
147                android:name="androidx.lifecycle.ProcessLifecycleInitializer"
147-->[androidx.lifecycle:lifecycle-process:2.7.0] AndroidManifest.xml:30:17-78
148                android:value="androidx.startup" />
148-->[androidx.lifecycle:lifecycle-process:2.7.0] AndroidManifest.xml:31:17-49
149            <meta-data
149-->[androidx.profileinstaller:profileinstaller:1.3.1] AndroidManifest.xml:29:13-31:52
150                android:name="androidx.profileinstaller.ProfileInstallerInitializer"
150-->[androidx.profileinstaller:profileinstaller:1.3.1] AndroidManifest.xml:30:17-85
151                android:value="androidx.startup" />
151-->[androidx.profileinstaller:profileinstaller:1.3.1] AndroidManifest.xml:31:17-49
152        </provider>
153
154        <receiver
154-->[androidx.profileinstaller:profileinstaller:1.3.1] AndroidManifest.xml:34:9-52:20
155            android:name="androidx.profileinstaller.ProfileInstallReceiver"
155-->[androidx.profileinstaller:profileinstaller:1.3.1] AndroidManifest.xml:35:13-76
156            android:directBootAware="false"
156-->[androidx.profileinstaller:profileinstaller:1.3.1] AndroidManifest.xml:36:13-44
157            android:enabled="true"
157-->[androidx.profileinstaller:profileinstaller:1.3.1] AndroidManifest.xml:37:13-35
158            android:exported="true"
158-->[androidx.profileinstaller:profileinstaller:1.3.1] AndroidManifest.xml:38:13-36
159            android:permission="android.permission.DUMP" >
159-->[androidx.profileinstaller:profileinstaller:1.3.1] AndroidManifest.xml:39:13-57
160            <intent-filter>
160-->[androidx.profileinstaller:profileinstaller:1.3.1] AndroidManifest.xml:40:13-42:29
161                <action android:name="androidx.profileinstaller.action.INSTALL_PROFILE" />
161-->[androidx.profileinstaller:profileinstaller:1.3.1] AndroidManifest.xml:41:17-91
161-->[androidx.profileinstaller:profileinstaller:1.3.1] AndroidManifest.xml:41:25-88
162            </intent-filter>
163            <intent-filter>
163-->[androidx.profileinstaller:profileinstaller:1.3.1] AndroidManifest.xml:43:13-45:29
164                <action android:name="androidx.profileinstaller.action.SKIP_FILE" />
164-->[androidx.profileinstaller:profileinstaller:1.3.1] AndroidManifest.xml:44:17-85
164-->[androidx.profileinstaller:profileinstaller:1.3.1] AndroidManifest.xml:44:25-82
165            </intent-filter>
166            <intent-filter>
166-->[androidx.profileinstaller:profileinstaller:1.3.1] AndroidManifest.xml:46:13-48:29
167                <action android:name="androidx.profileinstaller.action.SAVE_PROFILE" />
167-->[androidx.profileinstaller:profileinstaller:1.3.1] AndroidManifest.xml:47:17-88
167-->[androidx.profileinstaller:profileinstaller:1.3.1] AndroidManifest.xml:47:25-85
168            </intent-filter>
169            <intent-filter>
169-->[androidx.profileinstaller:profileinstaller:1.3.1] AndroidManifest.xml:49:13-51:29
170                <action android:name="androidx.profileinstaller.action.BENCHMARK_OPERATION" />
170-->[androidx.profileinstaller:profileinstaller:1.3.1] AndroidManifest.xml:50:17-95
170-->[androidx.profileinstaller:profileinstaller:1.3.1] AndroidManifest.xml:50:25-92
171            </intent-filter>
172        </receiver>
173
174        <activity
174-->[com.journeyapps:zxing-android-embedded:4.3.0] AndroidManifest.xml:47:9-53:63
175            android:name="com.journeyapps.barcodescanner.CaptureActivity"
175-->[com.journeyapps:zxing-android-embedded:4.3.0] AndroidManifest.xml:48:13-74
176            android:clearTaskOnLaunch="true"
176-->[com.journeyapps:zxing-android-embedded:4.3.0] AndroidManifest.xml:49:13-45
177            android:screenOrientation="sensorLandscape"
177-->[com.journeyapps:zxing-android-embedded:4.3.0] AndroidManifest.xml:50:13-56
178            android:stateNotNeeded="true"
178-->[com.journeyapps:zxing-android-embedded:4.3.0] AndroidManifest.xml:51:13-42
179            android:theme="@style/zxing_CaptureTheme"
179-->[com.journeyapps:zxing-android-embedded:4.3.0] AndroidManifest.xml:52:13-54
180            android:windowSoftInputMode="stateAlwaysHidden" />
180-->[com.journeyapps:zxing-android-embedded:4.3.0] AndroidManifest.xml:53:13-60
181    </application>
182
183</manifest>